2013-10-25 11:36:40,608 - [INFO] - from play in pool-4-thread-1 
Listening for HTTP on /0:0:0:0:0:0:0:0:9000

2013-10-25 11:40:57,430 - [INFO] - from play in play-internal-execution-context-1 
database [default] connected at jdbc:h2:mem:play

2013-10-25 11:40:59,550 - [ERROR] - from application in New I/O worker #1 


! @6g40ino47 - Internal server error, for (GET) [/] ->

play.api.db.evolutions.InvalidDatabaseRevision: Database 'default' needs evolution![An SQL script need to be run on your database.]
	at play.api.db.evolutions.EvolutionsPlugin$$anonfun$onStart$1$$anonfun$apply$1.apply$mcV$sp(Evolutions.scala:486) ~[play-jdbc_2.10.jar:2.2.0]
	at play.api.db.evolutions.EvolutionsPlugin.withLock(Evolutions.scala:507) ~[play-jdbc_2.10.jar:2.2.0]
	at play.api.db.evolutions.EvolutionsPlugin$$anonfun$onStart$1.apply(Evolutions.scala:461) ~[play-jdbc_2.10.jar:2.2.0]
	at play.api.db.evolutions.EvolutionsPlugin$$anonfun$onStart$1.apply(Evolutions.scala:459) ~[play-jdbc_2.10.jar:2.2.0]
	at scala.collection.immutable.List.foreach(List.scala:318) ~[scala-library.jar:na]
	at play.api.db.evolutions.EvolutionsPlugin.onStart(Evolutions.scala:459) ~[play-jdbc_2.10.jar:2.2.0]
	at play.api.Play$$anonfun$start$1$$anonfun$apply$mcV$sp$1.apply(Play.scala:88) ~[play_2.10.jar:2.2.0]
	at play.api.Play$$anonfun$start$1$$anonfun$apply$mcV$sp$1.apply(Play.scala:88) ~[play_2.10.jar:2.2.0]
	at scala.collection.immutable.List.foreach(List.scala:318) ~[scala-library.jar:na]
	at play.api.Play$$anonfun$start$1.apply$mcV$sp(Play.scala:88) ~[play_2.10.jar:2.2.0]
	at play.api.Play$$anonfun$start$1.apply(Play.scala:88) ~[play_2.10.jar:2.2.0]
	at play.api.Play$$anonfun$start$1.apply(Play.scala:88) ~[play_2.10.jar:2.2.0]
	at play.utils.Threads$.withContextClassLoader(Threads.scala:18) ~[play_2.10.jar:2.2.0]
	at play.api.Play$.start(Play.scala:87) ~[play_2.10.jar:2.2.0]
	at play.core.ReloadableApplication$$anonfun$get$1$$anonfun$apply$1$$anonfun$1.apply(ApplicationProvider.scala:139) ~[play_2.10.jar:2.2.0]
	at play.core.ReloadableApplication$$anonfun$get$1$$anonfun$apply$1$$anonfun$1.apply(ApplicationProvider.scala:112) ~[play_2.10.jar:2.2.0]
	at scala.Option.map(Option.scala:145) ~[scala-library.jar:na]
	at play.core.ReloadableApplication$$anonfun$get$1$$anonfun$apply$1.apply(ApplicationProvider.scala:112) ~[play_2.10.jar:2.2.0]
	at play.core.ReloadableApplication$$anonfun$get$1$$anonfun$apply$1.apply(ApplicationProvider.scala:110) ~[play_2.10.jar:2.2.0]
	at scala.util.Success.flatMap(Try.scala:200) ~[scala-library.jar:na]
	at play.core.ReloadableApplication$$anonfun$get$1.apply(ApplicationProvider.scala:110) ~[play_2.10.jar:2.2.0]
	at play.core.ReloadableApplication$$anonfun$get$1.apply(ApplicationProvider.scala:102) ~[play_2.10.jar:2.2.0]
	at scala.concurrent.impl.Future$PromiseCompletingRunnable.liftedTree1$1(Future.scala:24) ~[scala-library.jar:na]
	at scala.concurrent.impl.Future$PromiseCompletingRunnable.run(Future.scala:24) ~[scala-library.jar:na]
	at scala.concurrent.forkjoin.ForkJoinTask$AdaptedRunnableAction.exec(ForkJoinTask.java:1361) ~[scala-library.jar:na]
	at scala.concurrent.forkjoin.ForkJoinTask.doExec(ForkJoinTask.java:260) ~[scala-library.jar:na]
	at scala.concurrent.forkjoin.ForkJoinPool$WorkQueue.runTask(ForkJoinPool.java:1339) ~[scala-library.jar:na]
	at scala.concurrent.forkjoin.ForkJoinPool.runWorker(ForkJoinPool.java:1979) ~[scala-library.jar:na]
	at scala.concurrent.forkjoin.ForkJoinWorkerThread.run(ForkJoinWorkerThread.java:107) ~[scala-library.jar:na]

2013-10-25 11:42:08,269 - [INFO] - from play in play-internal-execution-context-1 
database [default] connected at jdbc:h2:mem:play

2013-10-25 11:42:08,593 - [INFO] - from play in play-internal-execution-context-1 
Application started (Dev)

2013-10-25 12:05:58,135 - [ERROR] - from com.avaje.ebeaninternal.server.deploy.BeanDescriptorManager in main 
Error in deployment
javax.persistence.PersistenceException: java.lang.IllegalStateException: Class [class play.db.ebean.Model] is enhanced and [class models.User] is not - (you can not mix!!)
	at com.avaje.ebeaninternal.server.deploy.BeanDescriptorManager.setEntityBeanClass(BeanDescriptorManager.java:1458) ~[avaje-ebeanorm.jar:na]
	at com.avaje.ebeaninternal.server.deploy.BeanDescriptorManager.createByteCode(BeanDescriptorManager.java:1150) ~[avaje-ebeanorm.jar:na]
	at com.avaje.ebeaninternal.server.deploy.BeanDescriptorManager.readDeployAssociations(BeanDescriptorManager.java:1070) ~[avaje-ebeanorm.jar:na]
	at com.avaje.ebeaninternal.server.deploy.BeanDescriptorManager.readEntityDeploymentAssociations(BeanDescriptorManager.java:547) ~[avaje-ebeanorm.jar:na]
	at com.avaje.ebeaninternal.server.deploy.BeanDescriptorManager.deploy(BeanDescriptorManager.java:237) ~[avaje-ebeanorm.jar:na]
	at com.avaje.ebeaninternal.server.core.InternalConfiguration.<init>(InternalConfiguration.java:114) [avaje-ebeanorm.jar:na]
	at com.avaje.ebeaninternal.server.core.DefaultServerFactory.createServer(DefaultServerFactory.java:204) [avaje-ebeanorm.jar:na]
	at com.avaje.ebeaninternal.server.core.DefaultServerFactory.createServer(DefaultServerFactory.java:65) [avaje-ebeanorm.jar:na]
	at com.avaje.ebean.EbeanServerFactory.create(EbeanServerFactory.java:58) [avaje-ebeanorm.jar:na]
	at play.db.ebean.EbeanPlugin.onStart(EbeanPlugin.java:79) [play-java-ebean_2.10.jar:2.2.0]
	at play.api.Play$$anonfun$start$1$$anonfun$apply$mcV$sp$1.apply(Play.scala:88) [play_2.10.jar:2.2.0]
	at play.api.Play$$anonfun$start$1$$anonfun$apply$mcV$sp$1.apply(Play.scala:88) [play_2.10.jar:2.2.0]
	at scala.collection.immutable.List.foreach(List.scala:318) [scala-library.jar:na]
	at play.api.Play$$anonfun$start$1.apply$mcV$sp(Play.scala:88) [play_2.10.jar:2.2.0]
	at play.api.Play$$anonfun$start$1.apply(Play.scala:88) [play_2.10.jar:2.2.0]
	at play.api.Play$$anonfun$start$1.apply(Play.scala:88) [play_2.10.jar:2.2.0]
	at play.utils.Threads$.withContextClassLoader(Threads.scala:18) [play_2.10.jar:2.2.0]
	at play.api.Play$.start(Play.scala:87) [play_2.10.jar:2.2.0]
	at play.api.Play.start(Play.scala) [play_2.10.jar:2.2.0]
	at play.test.Helpers.start(Helpers.java:359) [play-test_2.10.jar:2.2.0]
	at play.test.WithApplication.start(WithApplication.java:18) [play-test_2.10.jar:2.2.0]
	at models.ModelsTest.setUp(ModelsTest.java:12) [.target/:na]
	at sun.reflect.NativeMethodAccessorImpl.invoke0(Native Method) ~[na:1.7.0_45]
	at sun.reflect.NativeMethodAccessorImpl.invoke(Unknown Source) ~[na:1.7.0_45]
	at sun.reflect.DelegatingMethodAccessorImpl.invoke(Unknown Source) ~[na:1.7.0_45]
	at java.lang.reflect.Method.invoke(Unknown Source) ~[na:1.7.0_45]
	at org.junit.runners.model.FrameworkMethod$1.runReflectiveCall(FrameworkMethod.java:47) [junit.jar:na]
	at org.junit.internal.runners.model.ReflectiveCallable.run(ReflectiveCallable.java:12) [junit.jar:na]
	at org.junit.runners.model.FrameworkMethod.invokeExplosively(FrameworkMethod.java:44) [junit.jar:na]
	at org.junit.internal.runners.statements.RunBefores.evaluate(RunBefores.java:24) [junit.jar:na]
	at org.junit.internal.runners.statements.RunAfters.evaluate(RunAfters.java:27) [junit.jar:na]
	at org.junit.runners.ParentRunner.runLeaf(ParentRunner.java:271) [junit.jar:na]
	at org.junit.runners.BlockJUnit4ClassRunner.runChild(BlockJUnit4ClassRunner.java:70) [junit.jar:na]
	at org.junit.runners.BlockJUnit4ClassRunner.runChild(BlockJUnit4ClassRunner.java:50) [junit.jar:na]
	at org.junit.runners.ParentRunner$3.run(ParentRunner.java:238) [junit.jar:na]
	at org.junit.runners.ParentRunner$1.schedule(ParentRunner.java:63) [junit.jar:na]
	at org.junit.runners.ParentRunner.runChildren(ParentRunner.java:236) [junit.jar:na]
	at org.junit.runners.ParentRunner.access$000(ParentRunner.java:53) [junit.jar:na]
	at org.junit.runners.ParentRunner$2.evaluate(ParentRunner.java:229) [junit.jar:na]
	at org.junit.runners.ParentRunner.run(ParentRunner.java:309) [junit.jar:na]
	at org.eclipse.jdt.internal.junit4.runner.JUnit4TestReference.run(JUnit4TestReference.java:50) [.cp/:na]
	at org.eclipse.jdt.internal.junit.runner.TestExecution.run(TestExecution.java:38) [.cp/:na]
	at org.eclipse.jdt.internal.junit.runner.RemoteTestRunner.runTests(RemoteTestRunner.java:467) [.cp/:na]
	at org.eclipse.jdt.internal.junit.runner.RemoteTestRunner.runTests(RemoteTestRunner.java:683) [.cp/:na]
	at org.eclipse.jdt.internal.junit.runner.RemoteTestRunner.run(RemoteTestRunner.java:390) [.cp/:na]
	at org.eclipse.jdt.internal.junit.runner.RemoteTestRunner.main(RemoteTestRunner.java:197) [.cp/:na]
Caused by: java.lang.IllegalStateException: Class [class play.db.ebean.Model] is enhanced and [class models.User] is not - (you can not mix!!)
	at com.avaje.ebeaninternal.server.deploy.BeanDescriptorManager.checkInheritedClasses(BeanDescriptorManager.java:1505) ~[avaje-ebeanorm.jar:na]
	at com.avaje.ebeaninternal.server.deploy.BeanDescriptorManager.checkSubclass(BeanDescriptorManager.java:1474) ~[avaje-ebeanorm.jar:na]
	at com.avaje.ebeaninternal.server.deploy.BeanDescriptorManager.setEntityBeanClass(BeanDescriptorManager.java:1433) ~[avaje-ebeanorm.jar:na]
	... 45 common frames omitted

2013-10-25 13:00:38,065 - [ERROR] - from com.avaje.ebeaninternal.server.deploy.BeanDescriptorManager in main 
Error in deployment
javax.persistence.PersistenceException: java.lang.IllegalStateException: Class [class play.db.ebean.Model] is enhanced and [class models.User] is not - (you can not mix!!)
	at com.avaje.ebeaninternal.server.deploy.BeanDescriptorManager.setEntityBeanClass(BeanDescriptorManager.java:1458) ~[avaje-ebeanorm.jar:na]
	at com.avaje.ebeaninternal.server.deploy.BeanDescriptorManager.createByteCode(BeanDescriptorManager.java:1150) ~[avaje-ebeanorm.jar:na]
	at com.avaje.ebeaninternal.server.deploy.BeanDescriptorManager.readDeployAssociations(BeanDescriptorManager.java:1070) ~[avaje-ebeanorm.jar:na]
	at com.avaje.ebeaninternal.server.deploy.BeanDescriptorManager.readEntityDeploymentAssociations(BeanDescriptorManager.java:547) ~[avaje-ebeanorm.jar:na]
	at com.avaje.ebeaninternal.server.deploy.BeanDescriptorManager.deploy(BeanDescriptorManager.java:237) ~[avaje-ebeanorm.jar:na]
	at com.avaje.ebeaninternal.server.core.InternalConfiguration.<init>(InternalConfiguration.java:114) [avaje-ebeanorm.jar:na]
	at com.avaje.ebeaninternal.server.core.DefaultServerFactory.createServer(DefaultServerFactory.java:204) [avaje-ebeanorm.jar:na]
	at com.avaje.ebeaninternal.server.core.DefaultServerFactory.createServer(DefaultServerFactory.java:65) [avaje-ebeanorm.jar:na]
	at com.avaje.ebean.EbeanServerFactory.create(EbeanServerFactory.java:58) [avaje-ebeanorm.jar:na]
	at play.db.ebean.EbeanPlugin.onStart(EbeanPlugin.java:79) [play-java-ebean_2.10.jar:2.2.0]
	at play.api.Play$$anonfun$start$1$$anonfun$apply$mcV$sp$1.apply(Play.scala:88) [play_2.10.jar:2.2.0]
	at play.api.Play$$anonfun$start$1$$anonfun$apply$mcV$sp$1.apply(Play.scala:88) [play_2.10.jar:2.2.0]
	at scala.collection.immutable.List.foreach(List.scala:318) [scala-library.jar:na]
	at play.api.Play$$anonfun$start$1.apply$mcV$sp(Play.scala:88) [play_2.10.jar:2.2.0]
	at play.api.Play$$anonfun$start$1.apply(Play.scala:88) [play_2.10.jar:2.2.0]
	at play.api.Play$$anonfun$start$1.apply(Play.scala:88) [play_2.10.jar:2.2.0]
	at play.utils.Threads$.withContextClassLoader(Threads.scala:18) [play_2.10.jar:2.2.0]
	at play.api.Play$.start(Play.scala:87) [play_2.10.jar:2.2.0]
	at play.core.TestApplication.<init>(ApplicationProvider.scala:64) [play_2.10.jar:2.2.0]
	at play.api.test.TestServer.start(Selenium.scala:142) [play-test_2.10.jar:2.2.0]
	at play.test.Helpers.start(Helpers.java:401) [play-test_2.10.jar:2.2.0]
	at play.test.Helpers.running(Helpers.java:430) [play-test_2.10.jar:2.2.0]
	at IntegrationTest.test(IntegrationTest.java:20) [.target/:na]
	at sun.reflect.NativeMethodAccessorImpl.invoke0(Native Method) ~[na:1.7.0_45]
	at sun.reflect.NativeMethodAccessorImpl.invoke(Unknown Source) ~[na:1.7.0_45]
	at sun.reflect.DelegatingMethodAccessorImpl.invoke(Unknown Source) ~[na:1.7.0_45]
	at java.lang.reflect.Method.invoke(Unknown Source) ~[na:1.7.0_45]
	at org.junit.runners.model.FrameworkMethod$1.runReflectiveCall(FrameworkMethod.java:47) [junit.jar:na]
	at org.junit.internal.runners.model.ReflectiveCallable.run(ReflectiveCallable.java:12) [junit.jar:na]
	at org.junit.runners.model.FrameworkMethod.invokeExplosively(FrameworkMethod.java:44) [junit.jar:na]
	at org.junit.internal.runners.statements.InvokeMethod.evaluate(InvokeMethod.java:17) [junit.jar:na]
	at org.junit.runners.ParentRunner.runLeaf(ParentRunner.java:271) [junit.jar:na]
	at org.junit.runners.BlockJUnit4ClassRunner.runChild(BlockJUnit4ClassRunner.java:70) [junit.jar:na]
	at org.junit.runners.BlockJUnit4ClassRunner.runChild(BlockJUnit4ClassRunner.java:50) [junit.jar:na]
	at org.junit.runners.ParentRunner$3.run(ParentRunner.java:238) [junit.jar:na]
	at org.junit.runners.ParentRunner$1.schedule(ParentRunner.java:63) [junit.jar:na]
	at org.junit.runners.ParentRunner.runChildren(ParentRunner.java:236) [junit.jar:na]
	at org.junit.runners.ParentRunner.access$000(ParentRunner.java:53) [junit.jar:na]
	at org.junit.runners.ParentRunner$2.evaluate(ParentRunner.java:229) [junit.jar:na]
	at org.junit.runners.ParentRunner.run(ParentRunner.java:309) [junit.jar:na]
	at org.eclipse.jdt.internal.junit4.runner.JUnit4TestReference.run(JUnit4TestReference.java:50) [.cp/:na]
	at org.eclipse.jdt.internal.junit.runner.TestExecution.run(TestExecution.java:38) [.cp/:na]
	at org.eclipse.jdt.internal.junit.runner.RemoteTestRunner.runTests(RemoteTestRunner.java:467) [.cp/:na]
	at org.eclipse.jdt.internal.junit.runner.RemoteTestRunner.runTests(RemoteTestRunner.java:683) [.cp/:na]
	at org.eclipse.jdt.internal.junit.runner.RemoteTestRunner.run(RemoteTestRunner.java:390) [.cp/:na]
	at org.eclipse.jdt.internal.junit.runner.RemoteTestRunner.main(RemoteTestRunner.java:197) [.cp/:na]
Caused by: java.lang.IllegalStateException: Class [class play.db.ebean.Model] is enhanced and [class models.User] is not - (you can not mix!!)
	at com.avaje.ebeaninternal.server.deploy.BeanDescriptorManager.checkInheritedClasses(BeanDescriptorManager.java:1505) ~[avaje-ebeanorm.jar:na]
	at com.avaje.ebeaninternal.server.deploy.BeanDescriptorManager.checkSubclass(BeanDescriptorManager.java:1474) ~[avaje-ebeanorm.jar:na]
	at com.avaje.ebeaninternal.server.deploy.BeanDescriptorManager.setEntityBeanClass(BeanDescriptorManager.java:1433) ~[avaje-ebeanorm.jar:na]
	... 45 common frames omitted

2013-10-25 13:00:38,253 - [ERROR] - from com.avaje.ebeaninternal.server.deploy.BeanDescriptorManager in main 
Error in deployment
javax.persistence.PersistenceException: java.lang.IllegalStateException: Class [class play.db.ebean.Model] is enhanced and [class models.User] is not - (you can not mix!!)
	at com.avaje.ebeaninternal.server.deploy.BeanDescriptorManager.setEntityBeanClass(BeanDescriptorManager.java:1458) ~[avaje-ebeanorm.jar:na]
	at com.avaje.ebeaninternal.server.deploy.BeanDescriptorManager.createByteCode(BeanDescriptorManager.java:1150) ~[avaje-ebeanorm.jar:na]
	at com.avaje.ebeaninternal.server.deploy.BeanDescriptorManager.readDeployAssociations(BeanDescriptorManager.java:1070) ~[avaje-ebeanorm.jar:na]
	at com.avaje.ebeaninternal.server.deploy.BeanDescriptorManager.readEntityDeploymentAssociations(BeanDescriptorManager.java:547) ~[avaje-ebeanorm.jar:na]
	at com.avaje.ebeaninternal.server.deploy.BeanDescriptorManager.deploy(BeanDescriptorManager.java:237) ~[avaje-ebeanorm.jar:na]
	at com.avaje.ebeaninternal.server.core.InternalConfiguration.<init>(InternalConfiguration.java:114) [avaje-ebeanorm.jar:na]
	at com.avaje.ebeaninternal.server.core.DefaultServerFactory.createServer(DefaultServerFactory.java:204) [avaje-ebeanorm.jar:na]
	at com.avaje.ebeaninternal.server.core.DefaultServerFactory.createServer(DefaultServerFactory.java:65) [avaje-ebeanorm.jar:na]
	at com.avaje.ebean.EbeanServerFactory.create(EbeanServerFactory.java:58) [avaje-ebeanorm.jar:na]
	at play.db.ebean.EbeanPlugin.onStart(EbeanPlugin.java:79) [play-java-ebean_2.10.jar:2.2.0]
	at play.api.Play$$anonfun$start$1$$anonfun$apply$mcV$sp$1.apply(Play.scala:88) [play_2.10.jar:2.2.0]
	at play.api.Play$$anonfun$start$1$$anonfun$apply$mcV$sp$1.apply(Play.scala:88) [play_2.10.jar:2.2.0]
	at scala.collection.immutable.List.foreach(List.scala:318) [scala-library.jar:na]
	at play.api.Play$$anonfun$start$1.apply$mcV$sp(Play.scala:88) [play_2.10.jar:2.2.0]
	at play.api.Play$$anonfun$start$1.apply(Play.scala:88) [play_2.10.jar:2.2.0]
	at play.api.Play$$anonfun$start$1.apply(Play.scala:88) [play_2.10.jar:2.2.0]
	at play.utils.Threads$.withContextClassLoader(Threads.scala:18) [play_2.10.jar:2.2.0]
	at play.api.Play$.start(Play.scala:87) [play_2.10.jar:2.2.0]
	at play.api.Play.start(Play.scala) [play_2.10.jar:2.2.0]
	at play.test.Helpers.start(Helpers.java:359) [play-test_2.10.jar:2.2.0]
	at play.test.WithApplication.start(WithApplication.java:18) [play-test_2.10.jar:2.2.0]
	at models.ModelsTest.setUp(ModelsTest.java:12) [.target/:na]
	at sun.reflect.NativeMethodAccessorImpl.invoke0(Native Method) ~[na:1.7.0_45]
	at sun.reflect.NativeMethodAccessorImpl.invoke(Unknown Source) ~[na:1.7.0_45]
	at sun.reflect.DelegatingMethodAccessorImpl.invoke(Unknown Source) ~[na:1.7.0_45]
	at java.lang.reflect.Method.invoke(Unknown Source) ~[na:1.7.0_45]
	at org.junit.runners.model.FrameworkMethod$1.runReflectiveCall(FrameworkMethod.java:47) [junit.jar:na]
	at org.junit.internal.runners.model.ReflectiveCallable.run(ReflectiveCallable.java:12) [junit.jar:na]
	at org.junit.runners.model.FrameworkMethod.invokeExplosively(FrameworkMethod.java:44) [junit.jar:na]
	at org.junit.internal.runners.statements.RunBefores.evaluate(RunBefores.java:24) [junit.jar:na]
	at org.junit.internal.runners.statements.RunAfters.evaluate(RunAfters.java:27) [junit.jar:na]
	at org.junit.runners.ParentRunner.runLeaf(ParentRunner.java:271) [junit.jar:na]
	at org.junit.runners.BlockJUnit4ClassRunner.runChild(BlockJUnit4ClassRunner.java:70) [junit.jar:na]
	at org.junit.runners.BlockJUnit4ClassRunner.runChild(BlockJUnit4ClassRunner.java:50) [junit.jar:na]
	at org.junit.runners.ParentRunner$3.run(ParentRunner.java:238) [junit.jar:na]
	at org.junit.runners.ParentRunner$1.schedule(ParentRunner.java:63) [junit.jar:na]
	at org.junit.runners.ParentRunner.runChildren(ParentRunner.java:236) [junit.jar:na]
	at org.junit.runners.ParentRunner.access$000(ParentRunner.java:53) [junit.jar:na]
	at org.junit.runners.ParentRunner$2.evaluate(ParentRunner.java:229) [junit.jar:na]
	at org.junit.runners.ParentRunner.run(ParentRunner.java:309) [junit.jar:na]
	at org.eclipse.jdt.internal.junit4.runner.JUnit4TestReference.run(JUnit4TestReference.java:50) [.cp/:na]
	at org.eclipse.jdt.internal.junit.runner.TestExecution.run(TestExecution.java:38) [.cp/:na]
	at org.eclipse.jdt.internal.junit.runner.RemoteTestRunner.runTests(RemoteTestRunner.java:467) [.cp/:na]
	at org.eclipse.jdt.internal.junit.runner.RemoteTestRunner.runTests(RemoteTestRunner.java:683) [.cp/:na]
	at org.eclipse.jdt.internal.junit.runner.RemoteTestRunner.run(RemoteTestRunner.java:390) [.cp/:na]
	at org.eclipse.jdt.internal.junit.runner.RemoteTestRunner.main(RemoteTestRunner.java:197) [.cp/:na]
Caused by: java.lang.IllegalStateException: Class [class play.db.ebean.Model] is enhanced and [class models.User] is not - (you can not mix!!)
	at com.avaje.ebeaninternal.server.deploy.BeanDescriptorManager.checkInheritedClasses(BeanDescriptorManager.java:1505) ~[avaje-ebeanorm.jar:na]
	at com.avaje.ebeaninternal.server.deploy.BeanDescriptorManager.checkSubclass(BeanDescriptorManager.java:1474) ~[avaje-ebeanorm.jar:na]
	at com.avaje.ebeaninternal.server.deploy.BeanDescriptorManager.setEntityBeanClass(BeanDescriptorManager.java:1433) ~[avaje-ebeanorm.jar:na]
	... 45 common frames omitted

2013-10-25 13:29:13,646 - [ERROR] - from com.avaje.ebeaninternal.server.deploy.BeanDescriptorManager in main 
Error in deployment
javax.persistence.PersistenceException: java.lang.IllegalStateException: Class [class play.db.ebean.Model] is enhanced and [class models.User] is not - (you can not mix!!)
	at com.avaje.ebeaninternal.server.deploy.BeanDescriptorManager.setEntityBeanClass(BeanDescriptorManager.java:1458) ~[avaje-ebeanorm.jar:na]
	at com.avaje.ebeaninternal.server.deploy.BeanDescriptorManager.createByteCode(BeanDescriptorManager.java:1150) ~[avaje-ebeanorm.jar:na]
	at com.avaje.ebeaninternal.server.deploy.BeanDescriptorManager.readDeployAssociations(BeanDescriptorManager.java:1070) ~[avaje-ebeanorm.jar:na]
	at com.avaje.ebeaninternal.server.deploy.BeanDescriptorManager.readEntityDeploymentAssociations(BeanDescriptorManager.java:547) ~[avaje-ebeanorm.jar:na]
	at com.avaje.ebeaninternal.server.deploy.BeanDescriptorManager.deploy(BeanDescriptorManager.java:237) ~[avaje-ebeanorm.jar:na]
	at com.avaje.ebeaninternal.server.core.InternalConfiguration.<init>(InternalConfiguration.java:114) [avaje-ebeanorm.jar:na]
	at com.avaje.ebeaninternal.server.core.DefaultServerFactory.createServer(DefaultServerFactory.java:204) [avaje-ebeanorm.jar:na]
	at com.avaje.ebeaninternal.server.core.DefaultServerFactory.createServer(DefaultServerFactory.java:65) [avaje-ebeanorm.jar:na]
	at com.avaje.ebean.EbeanServerFactory.create(EbeanServerFactory.java:58) [avaje-ebeanorm.jar:na]
	at play.db.ebean.EbeanPlugin.onStart(EbeanPlugin.java:79) [play-java-ebean_2.10.jar:2.2.0]
	at play.api.Play$$anonfun$start$1$$anonfun$apply$mcV$sp$1.apply(Play.scala:88) [play_2.10.jar:2.2.0]
	at play.api.Play$$anonfun$start$1$$anonfun$apply$mcV$sp$1.apply(Play.scala:88) [play_2.10.jar:2.2.0]
	at scala.collection.immutable.List.foreach(List.scala:318) [scala-library.jar:na]
	at play.api.Play$$anonfun$start$1.apply$mcV$sp(Play.scala:88) [play_2.10.jar:2.2.0]
	at play.api.Play$$anonfun$start$1.apply(Play.scala:88) [play_2.10.jar:2.2.0]
	at play.api.Play$$anonfun$start$1.apply(Play.scala:88) [play_2.10.jar:2.2.0]
	at play.utils.Threads$.withContextClassLoader(Threads.scala:18) [play_2.10.jar:2.2.0]
	at play.api.Play$.start(Play.scala:87) [play_2.10.jar:2.2.0]
	at play.api.Play.start(Play.scala) [play_2.10.jar:2.2.0]
	at play.test.Helpers.start(Helpers.java:359) [play-test_2.10.jar:2.2.0]
	at play.test.WithApplication.start(WithApplication.java:18) [play-test_2.10.jar:2.2.0]
	at models.ModelsTest.setUp(ModelsTest.java:12) [.target/:na]
	at sun.reflect.NativeMethodAccessorImpl.invoke0(Native Method) ~[na:1.7.0_45]
	at sun.reflect.NativeMethodAccessorImpl.invoke(Unknown Source) ~[na:1.7.0_45]
	at sun.reflect.DelegatingMethodAccessorImpl.invoke(Unknown Source) ~[na:1.7.0_45]
	at java.lang.reflect.Method.invoke(Unknown Source) ~[na:1.7.0_45]
	at org.junit.runners.model.FrameworkMethod$1.runReflectiveCall(FrameworkMethod.java:47) [junit.jar:na]
	at org.junit.internal.runners.model.ReflectiveCallable.run(ReflectiveCallable.java:12) [junit.jar:na]
	at org.junit.runners.model.FrameworkMethod.invokeExplosively(FrameworkMethod.java:44) [junit.jar:na]
	at org.junit.internal.runners.statements.RunBefores.evaluate(RunBefores.java:24) [junit.jar:na]
	at org.junit.internal.runners.statements.RunAfters.evaluate(RunAfters.java:27) [junit.jar:na]
	at org.junit.runners.ParentRunner.runLeaf(ParentRunner.java:271) [junit.jar:na]
	at org.junit.runners.BlockJUnit4ClassRunner.runChild(BlockJUnit4ClassRunner.java:70) [junit.jar:na]
	at org.junit.runners.BlockJUnit4ClassRunner.runChild(BlockJUnit4ClassRunner.java:50) [junit.jar:na]
	at org.junit.runners.ParentRunner$3.run(ParentRunner.java:238) [junit.jar:na]
	at org.junit.runners.ParentRunner$1.schedule(ParentRunner.java:63) [junit.jar:na]
	at org.junit.runners.ParentRunner.runChildren(ParentRunner.java:236) [junit.jar:na]
	at org.junit.runners.ParentRunner.access$000(ParentRunner.java:53) [junit.jar:na]
	at org.junit.runners.ParentRunner$2.evaluate(ParentRunner.java:229) [junit.jar:na]
	at org.junit.runners.ParentRunner.run(ParentRunner.java:309) [junit.jar:na]
	at org.eclipse.jdt.internal.junit4.runner.JUnit4TestReference.run(JUnit4TestReference.java:50) [.cp/:na]
	at org.eclipse.jdt.internal.junit.runner.TestExecution.run(TestExecution.java:38) [.cp/:na]
	at org.eclipse.jdt.internal.junit.runner.RemoteTestRunner.runTests(RemoteTestRunner.java:467) [.cp/:na]
	at org.eclipse.jdt.internal.junit.runner.RemoteTestRunner.runTests(RemoteTestRunner.java:683) [.cp/:na]
	at org.eclipse.jdt.internal.junit.runner.RemoteTestRunner.run(RemoteTestRunner.java:390) [.cp/:na]
	at org.eclipse.jdt.internal.junit.runner.RemoteTestRunner.main(RemoteTestRunner.java:197) [.cp/:na]
Caused by: java.lang.IllegalStateException: Class [class play.db.ebean.Model] is enhanced and [class models.User] is not - (you can not mix!!)
	at com.avaje.ebeaninternal.server.deploy.BeanDescriptorManager.checkInheritedClasses(BeanDescriptorManager.java:1505) ~[avaje-ebeanorm.jar:na]
	at com.avaje.ebeaninternal.server.deploy.BeanDescriptorManager.checkSubclass(BeanDescriptorManager.java:1474) ~[avaje-ebeanorm.jar:na]
	at com.avaje.ebeaninternal.server.deploy.BeanDescriptorManager.setEntityBeanClass(BeanDescriptorManager.java:1433) ~[avaje-ebeanorm.jar:na]
	... 45 common frames omitted

2013-10-25 13:29:32,644 - [ERROR] - from com.avaje.ebeaninternal.server.deploy.BeanDescriptorManager in main 
Error in deployment
javax.persistence.PersistenceException: java.lang.IllegalStateException: Class [class play.db.ebean.Model] is enhanced and [class models.User] is not - (you can not mix!!)
	at com.avaje.ebeaninternal.server.deploy.BeanDescriptorManager.setEntityBeanClass(BeanDescriptorManager.java:1458) ~[avaje-ebeanorm.jar:na]
	at com.avaje.ebeaninternal.server.deploy.BeanDescriptorManager.createByteCode(BeanDescriptorManager.java:1150) ~[avaje-ebeanorm.jar:na]
	at com.avaje.ebeaninternal.server.deploy.BeanDescriptorManager.readDeployAssociations(BeanDescriptorManager.java:1070) ~[avaje-ebeanorm.jar:na]
	at com.avaje.ebeaninternal.server.deploy.BeanDescriptorManager.readEntityDeploymentAssociations(BeanDescriptorManager.java:547) ~[avaje-ebeanorm.jar:na]
	at com.avaje.ebeaninternal.server.deploy.BeanDescriptorManager.deploy(BeanDescriptorManager.java:237) ~[avaje-ebeanorm.jar:na]
	at com.avaje.ebeaninternal.server.core.InternalConfiguration.<init>(InternalConfiguration.java:114) [avaje-ebeanorm.jar:na]
	at com.avaje.ebeaninternal.server.core.DefaultServerFactory.createServer(DefaultServerFactory.java:204) [avaje-ebeanorm.jar:na]
	at com.avaje.ebeaninternal.server.core.DefaultServerFactory.createServer(DefaultServerFactory.java:65) [avaje-ebeanorm.jar:na]
	at com.avaje.ebean.EbeanServerFactory.create(EbeanServerFactory.java:58) [avaje-ebeanorm.jar:na]
	at play.db.ebean.EbeanPlugin.onStart(EbeanPlugin.java:79) [play-java-ebean_2.10.jar:2.2.0]
	at play.api.Play$$anonfun$start$1$$anonfun$apply$mcV$sp$1.apply(Play.scala:88) [play_2.10.jar:2.2.0]
	at play.api.Play$$anonfun$start$1$$anonfun$apply$mcV$sp$1.apply(Play.scala:88) [play_2.10.jar:2.2.0]
	at scala.collection.immutable.List.foreach(List.scala:318) [scala-library.jar:na]
	at play.api.Play$$anonfun$start$1.apply$mcV$sp(Play.scala:88) [play_2.10.jar:2.2.0]
	at play.api.Play$$anonfun$start$1.apply(Play.scala:88) [play_2.10.jar:2.2.0]
	at play.api.Play$$anonfun$start$1.apply(Play.scala:88) [play_2.10.jar:2.2.0]
	at play.utils.Threads$.withContextClassLoader(Threads.scala:18) [play_2.10.jar:2.2.0]
	at play.api.Play$.start(Play.scala:87) [play_2.10.jar:2.2.0]
	at play.api.Play.start(Play.scala) [play_2.10.jar:2.2.0]
	at play.test.Helpers.start(Helpers.java:359) [play-test_2.10.jar:2.2.0]
	at play.test.WithApplication.start(WithApplication.java:18) [play-test_2.10.jar:2.2.0]
	at models.ModelsTest.setUp(ModelsTest.java:12) [.target/:na]
	at sun.reflect.NativeMethodAccessorImpl.invoke0(Native Method) ~[na:1.7.0_45]
	at sun.reflect.NativeMethodAccessorImpl.invoke(Unknown Source) ~[na:1.7.0_45]
	at sun.reflect.DelegatingMethodAccessorImpl.invoke(Unknown Source) ~[na:1.7.0_45]
	at java.lang.reflect.Method.invoke(Unknown Source) ~[na:1.7.0_45]
	at org.junit.runners.model.FrameworkMethod$1.runReflectiveCall(FrameworkMethod.java:47) [junit.jar:na]
	at org.junit.internal.runners.model.ReflectiveCallable.run(ReflectiveCallable.java:12) [junit.jar:na]
	at org.junit.runners.model.FrameworkMethod.invokeExplosively(FrameworkMethod.java:44) [junit.jar:na]
	at org.junit.internal.runners.statements.RunBefores.evaluate(RunBefores.java:24) [junit.jar:na]
	at org.junit.internal.runners.statements.RunAfters.evaluate(RunAfters.java:27) [junit.jar:na]
	at org.junit.runners.ParentRunner.runLeaf(ParentRunner.java:271) [junit.jar:na]
	at org.junit.runners.BlockJUnit4ClassRunner.runChild(BlockJUnit4ClassRunner.java:70) [junit.jar:na]
	at org.junit.runners.BlockJUnit4ClassRunner.runChild(BlockJUnit4ClassRunner.java:50) [junit.jar:na]
	at org.junit.runners.ParentRunner$3.run(ParentRunner.java:238) [junit.jar:na]
	at org.junit.runners.ParentRunner$1.schedule(ParentRunner.java:63) [junit.jar:na]
	at org.junit.runners.ParentRunner.runChildren(ParentRunner.java:236) [junit.jar:na]
	at org.junit.runners.ParentRunner.access$000(ParentRunner.java:53) [junit.jar:na]
	at org.junit.runners.ParentRunner$2.evaluate(ParentRunner.java:229) [junit.jar:na]
	at org.junit.runners.ParentRunner.run(ParentRunner.java:309) [junit.jar:na]
	at org.eclipse.jdt.internal.junit4.runner.JUnit4TestReference.run(JUnit4TestReference.java:50) [.cp/:na]
	at org.eclipse.jdt.internal.junit.runner.TestExecution.run(TestExecution.java:38) [.cp/:na]
	at org.eclipse.jdt.internal.junit.runner.RemoteTestRunner.runTests(RemoteTestRunner.java:467) [.cp/:na]
	at org.eclipse.jdt.internal.junit.runner.RemoteTestRunner.runTests(RemoteTestRunner.java:683) [.cp/:na]
	at org.eclipse.jdt.internal.junit.runner.RemoteTestRunner.run(RemoteTestRunner.java:390) [.cp/:na]
	at org.eclipse.jdt.internal.junit.runner.RemoteTestRunner.main(RemoteTestRunner.java:197) [.cp/:na]
Caused by: java.lang.IllegalStateException: Class [class play.db.ebean.Model] is enhanced and [class models.User] is not - (you can not mix!!)
	at com.avaje.ebeaninternal.server.deploy.BeanDescriptorManager.checkInheritedClasses(BeanDescriptorManager.java:1505) ~[avaje-ebeanorm.jar:na]
	at com.avaje.ebeaninternal.server.deploy.BeanDescriptorManager.checkSubclass(BeanDescriptorManager.java:1474) ~[avaje-ebeanorm.jar:na]
	at com.avaje.ebeaninternal.server.deploy.BeanDescriptorManager.setEntityBeanClass(BeanDescriptorManager.java:1433) ~[avaje-ebeanorm.jar:na]
	... 45 common frames omitted

2013-10-25 13:31:04,107 - [ERROR] - from com.avaje.ebeaninternal.server.deploy.BeanDescriptorManager in main 
Error in deployment
javax.persistence.PersistenceException: java.lang.IllegalStateException: Class [class play.db.ebean.Model] is enhanced and [class models.User] is not - (you can not mix!!)
	at com.avaje.ebeaninternal.server.deploy.BeanDescriptorManager.setEntityBeanClass(BeanDescriptorManager.java:1458) ~[avaje-ebeanorm.jar:na]
	at com.avaje.ebeaninternal.server.deploy.BeanDescriptorManager.createByteCode(BeanDescriptorManager.java:1150) ~[avaje-ebeanorm.jar:na]
	at com.avaje.ebeaninternal.server.deploy.BeanDescriptorManager.readDeployAssociations(BeanDescriptorManager.java:1070) ~[avaje-ebeanorm.jar:na]
	at com.avaje.ebeaninternal.server.deploy.BeanDescriptorManager.readEntityDeploymentAssociations(BeanDescriptorManager.java:547) ~[avaje-ebeanorm.jar:na]
	at com.avaje.ebeaninternal.server.deploy.BeanDescriptorManager.deploy(BeanDescriptorManager.java:237) ~[avaje-ebeanorm.jar:na]
	at com.avaje.ebeaninternal.server.core.InternalConfiguration.<init>(InternalConfiguration.java:114) [avaje-ebeanorm.jar:na]
	at com.avaje.ebeaninternal.server.core.DefaultServerFactory.createServer(DefaultServerFactory.java:204) [avaje-ebeanorm.jar:na]
	at com.avaje.ebeaninternal.server.core.DefaultServerFactory.createServer(DefaultServerFactory.java:65) [avaje-ebeanorm.jar:na]
	at com.avaje.ebean.EbeanServerFactory.create(EbeanServerFactory.java:58) [avaje-ebeanorm.jar:na]
	at play.db.ebean.EbeanPlugin.onStart(EbeanPlugin.java:79) [play-java-ebean_2.10.jar:2.2.0]
	at play.api.Play$$anonfun$start$1$$anonfun$apply$mcV$sp$1.apply(Play.scala:88) [play_2.10.jar:2.2.0]
	at play.api.Play$$anonfun$start$1$$anonfun$apply$mcV$sp$1.apply(Play.scala:88) [play_2.10.jar:2.2.0]
	at scala.collection.immutable.List.foreach(List.scala:318) [scala-library.jar:na]
	at play.api.Play$$anonfun$start$1.apply$mcV$sp(Play.scala:88) [play_2.10.jar:2.2.0]
	at play.api.Play$$anonfun$start$1.apply(Play.scala:88) [play_2.10.jar:2.2.0]
	at play.api.Play$$anonfun$start$1.apply(Play.scala:88) [play_2.10.jar:2.2.0]
	at play.utils.Threads$.withContextClassLoader(Threads.scala:18) [play_2.10.jar:2.2.0]
	at play.api.Play$.start(Play.scala:87) [play_2.10.jar:2.2.0]
	at play.api.Play.start(Play.scala) [play_2.10.jar:2.2.0]
	at play.test.Helpers.start(Helpers.java:359) [play-test_2.10.jar:2.2.0]
	at play.test.WithApplication.start(WithApplication.java:18) [play-test_2.10.jar:2.2.0]
	at models.ModelsTest.setUp(ModelsTest.java:12) [.target/:na]
	at sun.reflect.NativeMethodAccessorImpl.invoke0(Native Method) ~[na:1.7.0_45]
	at sun.reflect.NativeMethodAccessorImpl.invoke(Unknown Source) ~[na:1.7.0_45]
	at sun.reflect.DelegatingMethodAccessorImpl.invoke(Unknown Source) ~[na:1.7.0_45]
	at java.lang.reflect.Method.invoke(Unknown Source) ~[na:1.7.0_45]
	at org.junit.runners.model.FrameworkMethod$1.runReflectiveCall(FrameworkMethod.java:47) [junit.jar:na]
	at org.junit.internal.runners.model.ReflectiveCallable.run(ReflectiveCallable.java:12) [junit.jar:na]
	at org.junit.runners.model.FrameworkMethod.invokeExplosively(FrameworkMethod.java:44) [junit.jar:na]
	at org.junit.internal.runners.statements.RunBefores.evaluate(RunBefores.java:24) [junit.jar:na]
	at org.junit.internal.runners.statements.RunAfters.evaluate(RunAfters.java:27) [junit.jar:na]
	at org.junit.runners.ParentRunner.runLeaf(ParentRunner.java:271) [junit.jar:na]
	at org.junit.runners.BlockJUnit4ClassRunner.runChild(BlockJUnit4ClassRunner.java:70) [junit.jar:na]
	at org.junit.runners.BlockJUnit4ClassRunner.runChild(BlockJUnit4ClassRunner.java:50) [junit.jar:na]
	at org.junit.runners.ParentRunner$3.run(ParentRunner.java:238) [junit.jar:na]
	at org.junit.runners.ParentRunner$1.schedule(ParentRunner.java:63) [junit.jar:na]
	at org.junit.runners.ParentRunner.runChildren(ParentRunner.java:236) [junit.jar:na]
	at org.junit.runners.ParentRunner.access$000(ParentRunner.java:53) [junit.jar:na]
	at org.junit.runners.ParentRunner$2.evaluate(ParentRunner.java:229) [junit.jar:na]
	at org.junit.runners.ParentRunner.run(ParentRunner.java:309) [junit.jar:na]
	at org.eclipse.jdt.internal.junit4.runner.JUnit4TestReference.run(JUnit4TestReference.java:50) [.cp/:na]
	at org.eclipse.jdt.internal.junit.runner.TestExecution.run(TestExecution.java:38) [.cp/:na]
	at org.eclipse.jdt.internal.junit.runner.RemoteTestRunner.runTests(RemoteTestRunner.java:467) [.cp/:na]
	at org.eclipse.jdt.internal.junit.runner.RemoteTestRunner.runTests(RemoteTestRunner.java:683) [.cp/:na]
	at org.eclipse.jdt.internal.junit.runner.RemoteTestRunner.run(RemoteTestRunner.java:390) [.cp/:na]
	at org.eclipse.jdt.internal.junit.runner.RemoteTestRunner.main(RemoteTestRunner.java:197) [.cp/:na]
Caused by: java.lang.IllegalStateException: Class [class play.db.ebean.Model] is enhanced and [class models.User] is not - (you can not mix!!)
	at com.avaje.ebeaninternal.server.deploy.BeanDescriptorManager.checkInheritedClasses(BeanDescriptorManager.java:1505) ~[avaje-ebeanorm.jar:na]
	at com.avaje.ebeaninternal.server.deploy.BeanDescriptorManager.checkSubclass(BeanDescriptorManager.java:1474) ~[avaje-ebeanorm.jar:na]
	at com.avaje.ebeaninternal.server.deploy.BeanDescriptorManager.setEntityBeanClass(BeanDescriptorManager.java:1433) ~[avaje-ebeanorm.jar:na]
	... 45 common frames omitted

